[15-Feb-2021 16:02:03 UTC] PHP Parse error:  syntax error, unexpected '}', expecting end of file in C:\xampp\htdocs\4w4\wp-content\themes\theme-dmp\functions.php on line 154
[15-Feb-2021 16:02:06 UTC] PHP Parse error:  syntax error, unexpected '}', expecting end of file in C:\xampp\htdocs\4w4\wp-content\themes\theme-dmp\functions.php on line 154
[15-Feb-2021 16:02:29 UTC] PHP Parse error:  syntax error, unexpected '}', expecting end of file in C:\xampp\htdocs\4w4\wp-content\themes\theme-dmp\functions.php on line 157
[15-Feb-2021 16:02:50 UTC] PHP Parse error:  syntax error, unexpected '}', expecting end of file in C:\xampp\htdocs\4w4\wp-content\themes\theme-dmp\functions.php on line 157
[15-Feb-2021 16:03:00 UTC] PHP Parse error:  syntax error, unexpected '}', expecting end of file in C:\xampp\htdocs\4w4\wp-content\themes\theme-dmp\functions.php on line 157
[22-Feb-2021 15:19:58 UTC] PHP Parse error:  syntax error, unexpected ';', expecting ')' in C:\xampp\htdocs\4w4\wp-content\themes\theme-dmp\functions.php on line 155
[22-Feb-2021 15:28:23 UTC] PHP Parse error:  syntax error, unexpected 'wp_enqueue_style' (T_STRING) in C:\xampp\htdocs\4w4\wp-content\themes\theme-dmp\functions.php on line 152
[22-Feb-2021 15:33:41 UTC] PHP Parse error:  syntax error, unexpected 'wp_enqueue_style' (T_STRING) in C:\xampp\htdocs\4w4\wp-content\themes\theme-dmp\functions.php on line 152
[22-Feb-2021 15:37:11 UTC] PHP Parse error:  syntax error, unexpected 'wp_style_add_data' (T_STRING) in C:\xampp\htdocs\4w4\wp-content\themes\theme-dmp\functions.php on line 154
[22-Feb-2021 15:37:39 UTC] PHP Parse error:  syntax error, unexpected 'wp_enqueue_style' (T_STRING) in C:\xampp\htdocs\4w4\wp-content\themes\theme-dmp\functions.php on line 152
[22-Feb-2021 15:39:48 UTC] PHP Parse error:  syntax error, unexpected 'wp_enqueue_style' (T_STRING) in C:\xampp\htdocs\4w4\wp-content\themes\theme-dmp\functions.php on line 152
[22-Feb-2021 15:41:14 UTC] PHP Parse error:  syntax error, unexpected 'wp_enqueue_style' (T_STRING) in C:\xampp\htdocs\4w4\wp-content\themes\theme-dmp\functions.php on line 152
[22-Feb-2021 15:49:23 UTC] PHP Parse error:  syntax error, unexpected 'wp_enqueue_style' (T_STRING) in C:\xampp\htdocs\4w4\wp-content\themes\theme-dmp\functions.php on line 152
[08-Mar-2021 15:20:03 UTC] PHP Parse error:  syntax error, unexpected end of file in C:\xampp\htdocs\4w4\wp-content\themes\theme-dmp\functions.php on line 201
[08-Mar-2021 15:22:04 UTC] PHP Parse error:  syntax error, unexpected '}' in C:\xampp\htdocs\4w4\wp-content\themes\theme-dmp\functions.php on line 201
[08-Mar-2021 15:24:04 UTC] PHP Parse error:  syntax error, unexpected end of file in C:\xampp\htdocs\4w4\wp-content\themes\theme-dmp\functions.php on line 208
[08-Mar-2021 15:58:37 UTC] PHP Parse error:  syntax error, unexpected end of file in C:\xampp\htdocs\4w4\wp-content\themes\theme-dmp\functions.php on line 207
[08-Mar-2021 15:58:41 UTC] PHP Parse error:  syntax error, unexpected end of file in C:\xampp\htdocs\4w4\wp-content\themes\theme-dmp\functions.php on line 207
[08-Mar-2021 16:00:20 UTC] PHP Fatal error:  Uncaught Error: Call to undefined function set() in C:\xampp\htdocs\4w4\wp-content\themes\theme-dmp\functions.php:202
Stack trace:
#0 C:\xampp\htdocs\4w4\wp-includes\class-wp-hook.php(287): extraire_cours(Object(WP_Query))
#1 C:\xampp\htdocs\4w4\wp-includes\class-wp-hook.php(311): WP_Hook->apply_filters('', Array)
#2 C:\xampp\htdocs\4w4\wp-includes\plugin.php(551): WP_Hook->do_action(Array)
#3 C:\xampp\htdocs\4w4\wp-includes\class-wp-query.php(1779): do_action_ref_array('pre_get_posts', Array)
#4 C:\xampp\htdocs\4w4\wp-includes\class-wp-query.php(3448): WP_Query->get_posts()
#5 C:\xampp\htdocs\4w4\wp-includes\class-wp.php(624): WP_Query->query(Array)
#6 C:\xampp\htdocs\4w4\wp-includes\class-wp.php(747): WP->query_posts()
#7 C:\xampp\htdocs\4w4\wp-includes\functions.php(1291): WP->main('')
#8 C:\xampp\htdocs\4w4\wp-blog-header.php(16): wp()
#9 C:\xampp\htdocs\4w4\index.php(17): require('C:\\xampp\\htdocs...')
#10 {main}
  thrown in C:\xampp\htdocs\4w4\wp-content\themes\theme-dmp\functions.php on line 202
[08-Mar-2021 16:00:26 UTC] PHP Fatal error:  Uncaught Error: Call to undefined function set() in C:\xampp\htdocs\4w4\wp-content\themes\theme-dmp\functions.php:202
Stack trace:
#0 C:\xampp\htdocs\4w4\wp-includes\class-wp-hook.php(287): extraire_cours(Object(WP_Query))
#1 C:\xampp\htdocs\4w4\wp-includes\class-wp-hook.php(311): WP_Hook->apply_filters('', Array)
#2 C:\xampp\htdocs\4w4\wp-includes\plugin.php(551): WP_Hook->do_action(Array)
#3 C:\xampp\htdocs\4w4\wp-includes\class-wp-query.php(1779): do_action_ref_array('pre_get_posts', Array)
#4 C:\xampp\htdocs\4w4\wp-includes\class-wp-query.php(3448): WP_Query->get_posts()
#5 C:\xampp\htdocs\4w4\wp-includes\class-wp.php(624): WP_Query->query(Array)
#6 C:\xampp\htdocs\4w4\wp-includes\class-wp.php(747): WP->query_posts()
#7 C:\xampp\htdocs\4w4\wp-includes\functions.php(1291): WP->main('')
#8 C:\xampp\htdocs\4w4\wp-blog-header.php(16): wp()
#9 C:\xampp\htdocs\4w4\index.php(17): require('C:\\xampp\\htdocs...')
#10 {main}
  thrown in C:\xampp\htdocs\4w4\wp-content\themes\theme-dmp\functions.php on line 202
[08-Mar-2021 16:01:18 UTC] PHP Fatal error:  Uncaught Error: Call to undefined function set() in C:\xampp\htdocs\4w4\wp-content\themes\theme-dmp\functions.php:202
Stack trace:
#0 C:\xampp\htdocs\4w4\wp-includes\class-wp-hook.php(287): extraire_cours(Object(WP_Query))
#1 C:\xampp\htdocs\4w4\wp-includes\class-wp-hook.php(311): WP_Hook->apply_filters('', Array)
#2 C:\xampp\htdocs\4w4\wp-includes\plugin.php(551): WP_Hook->do_action(Array)
#3 C:\xampp\htdocs\4w4\wp-includes\class-wp-query.php(1779): do_action_ref_array('pre_get_posts', Array)
#4 C:\xampp\htdocs\4w4\wp-includes\class-wp-query.php(3448): WP_Query->get_posts()
#5 C:\xampp\htdocs\4w4\wp-includes\class-wp.php(624): WP_Query->query(Array)
#6 C:\xampp\htdocs\4w4\wp-includes\class-wp.php(747): WP->query_posts()
#7 C:\xampp\htdocs\4w4\wp-includes\functions.php(1291): WP->main('')
#8 C:\xampp\htdocs\4w4\wp-blog-header.php(16): wp()
#9 C:\xampp\htdocs\4w4\index.php(17): require('C:\\xampp\\htdocs...')
#10 {main}
  thrown in C:\xampp\htdocs\4w4\wp-content\themes\theme-dmp\functions.php on line 202
[10-Mar-2021 22:15:28 UTC] PHP Fatal error:  Uncaught Error: Call to undefined function set() in C:\xampp\htdocs\4w4\wp-content\themes\theme-dmp\functions.php:202
Stack trace:
#0 C:\xampp\htdocs\4w4\wp-includes\class-wp-hook.php(287): extraire_cours(Object(WP_Query))
#1 C:\xampp\htdocs\4w4\wp-includes\class-wp-hook.php(311): WP_Hook->apply_filters('', Array)
#2 C:\xampp\htdocs\4w4\wp-includes\plugin.php(551): WP_Hook->do_action(Array)
#3 C:\xampp\htdocs\4w4\wp-includes\class-wp-query.php(1779): do_action_ref_array('pre_get_posts', Array)
#4 C:\xampp\htdocs\4w4\wp-includes\class-wp-query.php(3448): WP_Query->get_posts()
#5 C:\xampp\htdocs\4w4\wp-includes\class-wp.php(624): WP_Query->query(Array)
#6 C:\xampp\htdocs\4w4\wp-includes\class-wp.php(747): WP->query_posts()
#7 C:\xampp\htdocs\4w4\wp-includes\functions.php(1291): WP->main('')
#8 C:\xampp\htdocs\4w4\wp-blog-header.php(16): wp()
#9 C:\xampp\htdocs\4w4\index.php(17): require('C:\\xampp\\htdocs...')
#10 {main}
  thrown in C:\xampp\htdocs\4w4\wp-content\themes\theme-dmp\functions.php on line 202
[10-Mar-2021 22:20:31 UTC] PHP Fatal error:  Uncaught Error: Call to undefined function set() in C:\xampp\htdocs\4w4\wp-content\themes\theme-dmp\functions.php:202
Stack trace:
#0 C:\xampp\htdocs\4w4\wp-includes\class-wp-hook.php(287): extraire_cours(Object(WP_Query))
#1 C:\xampp\htdocs\4w4\wp-includes\class-wp-hook.php(311): WP_Hook->apply_filters('', Array)
#2 C:\xampp\htdocs\4w4\wp-includes\plugin.php(551): WP_Hook->do_action(Array)
#3 C:\xampp\htdocs\4w4\wp-includes\class-wp-query.php(1779): do_action_ref_array('pre_get_posts', Array)
#4 C:\xampp\htdocs\4w4\wp-includes\class-wp-query.php(3448): WP_Query->get_posts()
#5 C:\xampp\htdocs\4w4\wp-includes\class-wp.php(624): WP_Query->query(Array)
#6 C:\xampp\htdocs\4w4\wp-includes\class-wp.php(747): WP->query_posts()
#7 C:\xampp\htdocs\4w4\wp-includes\functions.php(1291): WP->main('')
#8 C:\xampp\htdocs\4w4\wp-blog-header.php(16): wp()
#9 C:\xampp\htdocs\4w4\index.php(17): require('C:\\xampp\\htdocs...')
#10 {main}
  thrown in C:\xampp\htdocs\4w4\wp-content\themes\theme-dmp\functions.php on line 202
[10-Mar-2021 22:23:23 UTC] PHP Fatal error:  Uncaught Error: Call to undefined function set() in C:\xampp\htdocs\4w4\wp-content\themes\theme-dmp\functions.php:202
Stack trace:
#0 C:\xampp\htdocs\4w4\wp-includes\class-wp-hook.php(287): extraire_cours(Object(WP_Query))
#1 C:\xampp\htdocs\4w4\wp-includes\class-wp-hook.php(311): WP_Hook->apply_filters('', Array)
#2 C:\xampp\htdocs\4w4\wp-includes\plugin.php(551): WP_Hook->do_action(Array)
#3 C:\xampp\htdocs\4w4\wp-includes\class-wp-query.php(1779): do_action_ref_array('pre_get_posts', Array)
#4 C:\xampp\htdocs\4w4\wp-includes\class-wp-query.php(3448): WP_Query->get_posts()
#5 C:\xampp\htdocs\4w4\wp-includes\class-wp.php(624): WP_Query->query(Array)
#6 C:\xampp\htdocs\4w4\wp-includes\class-wp.php(747): WP->query_posts()
#7 C:\xampp\htdocs\4w4\wp-includes\functions.php(1291): WP->main('')
#8 C:\xampp\htdocs\4w4\wp-blog-header.php(16): wp()
#9 C:\xampp\htdocs\4w4\index.php(17): require('C:\\xampp\\htdocs...')
#10 {main}
  thrown in C:\xampp\htdocs\4w4\wp-content\themes\theme-dmp\functions.php on line 202
[10-Mar-2021 22:23:24 UTC] PHP Fatal error:  Uncaught Error: Call to undefined function set() in C:\xampp\htdocs\4w4\wp-content\themes\theme-dmp\functions.php:202
Stack trace:
#0 C:\xampp\htdocs\4w4\wp-includes\class-wp-hook.php(287): extraire_cours(Object(WP_Query))
#1 C:\xampp\htdocs\4w4\wp-includes\class-wp-hook.php(311): WP_Hook->apply_filters('', Array)
#2 C:\xampp\htdocs\4w4\wp-includes\plugin.php(551): WP_Hook->do_action(Array)
#3 C:\xampp\htdocs\4w4\wp-includes\class-wp-query.php(1779): do_action_ref_array('pre_get_posts', Array)
#4 C:\xampp\htdocs\4w4\wp-includes\class-wp-query.php(3448): WP_Query->get_posts()
#5 C:\xampp\htdocs\4w4\wp-includes\class-wp.php(624): WP_Query->query(Array)
#6 C:\xampp\htdocs\4w4\wp-includes\class-wp.php(747): WP->query_posts()
#7 C:\xampp\htdocs\4w4\wp-includes\functions.php(1291): WP->main('')
#8 C:\xampp\htdocs\4w4\wp-blog-header.php(16): wp()
#9 C:\xampp\htdocs\4w4\index.php(17): require('C:\\xampp\\htdocs...')
#10 {main}
  thrown in C:\xampp\htdocs\4w4\wp-content\themes\theme-dmp\functions.php on line 202
[10-Mar-2021 22:23:52 UTC] PHP Fatal error:  Uncaught Error: Call to undefined function set() in C:\xampp\htdocs\4w4\wp-content\themes\theme-dmp\functions.php:202
Stack trace:
#0 C:\xampp\htdocs\4w4\wp-includes\class-wp-hook.php(287): extraire_cours(Object(WP_Query))
#1 C:\xampp\htdocs\4w4\wp-includes\class-wp-hook.php(311): WP_Hook->apply_filters('', Array)
#2 C:\xampp\htdocs\4w4\wp-includes\plugin.php(551): WP_Hook->do_action(Array)
#3 C:\xampp\htdocs\4w4\wp-includes\class-wp-query.php(1779): do_action_ref_array('pre_get_posts', Array)
#4 C:\xampp\htdocs\4w4\wp-includes\class-wp-query.php(3448): WP_Query->get_posts()
#5 C:\xampp\htdocs\4w4\wp-includes\class-wp.php(624): WP_Query->query(Array)
#6 C:\xampp\htdocs\4w4\wp-includes\class-wp.php(747): WP->query_posts()
#7 C:\xampp\htdocs\4w4\wp-includes\functions.php(1291): WP->main('')
#8 C:\xampp\htdocs\4w4\wp-blog-header.php(16): wp()
#9 C:\xampp\htdocs\4w4\index.php(17): require('C:\\xampp\\htdocs...')
#10 {main}
  thrown in C:\xampp\htdocs\4w4\wp-content\themes\theme-dmp\functions.php on line 202
[10-Mar-2021 22:23:57 UTC] PHP Fatal error:  Uncaught Error: Call to undefined function set() in C:\xampp\htdocs\4w4\wp-content\themes\theme-dmp\functions.php:202
Stack trace:
#0 C:\xampp\htdocs\4w4\wp-includes\class-wp-hook.php(287): extraire_cours(Object(WP_Query))
#1 C:\xampp\htdocs\4w4\wp-includes\class-wp-hook.php(311): WP_Hook->apply_filters('', Array)
#2 C:\xampp\htdocs\4w4\wp-includes\plugin.php(551): WP_Hook->do_action(Array)
#3 C:\xampp\htdocs\4w4\wp-includes\class-wp-query.php(1779): do_action_ref_array('pre_get_posts', Array)
#4 C:\xampp\htdocs\4w4\wp-includes\class-wp-query.php(3448): WP_Query->get_posts()
#5 C:\xampp\htdocs\4w4\wp-includes\class-wp.php(624): WP_Query->query(Array)
#6 C:\xampp\htdocs\4w4\wp-includes\class-wp.php(747): WP->query_posts()
#7 C:\xampp\htdocs\4w4\wp-includes\functions.php(1291): WP->main('')
#8 C:\xampp\htdocs\4w4\wp-blog-header.php(16): wp()
#9 C:\xampp\htdocs\4w4\index.php(17): require('C:\\xampp\\htdocs...')
#10 {main}
  thrown in C:\xampp\htdocs\4w4\wp-content\themes\theme-dmp\functions.php on line 202
[10-Mar-2021 22:26:58 UTC] PHP Fatal error:  Uncaught Error: Call to undefined function set() in C:\xampp\htdocs\4w4\wp-content\themes\theme-dmp\functions.php:202
Stack trace:
#0 C:\xampp\htdocs\4w4\wp-includes\class-wp-hook.php(287): extraire_cours(Object(WP_Query))
#1 C:\xampp\htdocs\4w4\wp-includes\class-wp-hook.php(311): WP_Hook->apply_filters('', Array)
#2 C:\xampp\htdocs\4w4\wp-includes\plugin.php(551): WP_Hook->do_action(Array)
#3 C:\xampp\htdocs\4w4\wp-includes\class-wp-query.php(1779): do_action_ref_array('pre_get_posts', Array)
#4 C:\xampp\htdocs\4w4\wp-includes\class-wp-query.php(3448): WP_Query->get_posts()
#5 C:\xampp\htdocs\4w4\wp-includes\class-wp.php(624): WP_Query->query(Array)
#6 C:\xampp\htdocs\4w4\wp-includes\class-wp.php(747): WP->query_posts()
#7 C:\xampp\htdocs\4w4\wp-includes\functions.php(1291): WP->main('')
#8 C:\xampp\htdocs\4w4\wp-blog-header.php(16): wp()
#9 C:\xampp\htdocs\4w4\index.php(17): require('C:\\xampp\\htdocs...')
#10 {main}
  thrown in C:\xampp\htdocs\4w4\wp-content\themes\theme-dmp\functions.php on line 202
[10-Mar-2021 22:30:23 UTC] PHP Fatal error:  Uncaught Error: Call to undefined function set() in C:\xampp\htdocs\4w4\wp-content\themes\theme-dmp\functions.php:202
Stack trace:
#0 C:\xampp\htdocs\4w4\wp-includes\class-wp-hook.php(287): extraire_cours(Object(WP_Query))
#1 C:\xampp\htdocs\4w4\wp-includes\class-wp-hook.php(311): WP_Hook->apply_filters('', Array)
#2 C:\xampp\htdocs\4w4\wp-includes\plugin.php(551): WP_Hook->do_action(Array)
#3 C:\xampp\htdocs\4w4\wp-includes\class-wp-query.php(1779): do_action_ref_array('pre_get_posts', Array)
#4 C:\xampp\htdocs\4w4\wp-includes\class-wp-query.php(3448): WP_Query->get_posts()
#5 C:\xampp\htdocs\4w4\wp-includes\class-wp.php(624): WP_Query->query(Array)
#6 C:\xampp\htdocs\4w4\wp-includes\class-wp.php(747): WP->query_posts()
#7 C:\xampp\htdocs\4w4\wp-includes\functions.php(1291): WP->main('')
#8 C:\xampp\htdocs\4w4\wp-blog-header.php(16): wp()
#9 C:\xampp\htdocs\4w4\index.php(17): require('C:\\xampp\\htdocs...')
#10 {main}
  thrown in C:\xampp\htdocs\4w4\wp-content\themes\theme-dmp\functions.php on line 202
[10-Mar-2021 22:30:26 UTC] PHP Fatal error:  Uncaught Error: Call to undefined function set() in C:\xampp\htdocs\4w4\wp-content\themes\theme-dmp\functions.php:202
Stack trace:
#0 C:\xampp\htdocs\4w4\wp-includes\class-wp-hook.php(287): extraire_cours(Object(WP_Query))
#1 C:\xampp\htdocs\4w4\wp-includes\class-wp-hook.php(311): WP_Hook->apply_filters('', Array)
#2 C:\xampp\htdocs\4w4\wp-includes\plugin.php(551): WP_Hook->do_action(Array)
#3 C:\xampp\htdocs\4w4\wp-includes\class-wp-query.php(1779): do_action_ref_array('pre_get_posts', Array)
#4 C:\xampp\htdocs\4w4\wp-includes\class-wp-query.php(3448): WP_Query->get_posts()
#5 C:\xampp\htdocs\4w4\wp-includes\class-wp.php(624): WP_Query->query(Array)
#6 C:\xampp\htdocs\4w4\wp-includes\class-wp.php(747): WP->query_posts()
#7 C:\xampp\htdocs\4w4\wp-includes\functions.php(1291): WP->main('')
#8 C:\xampp\htdocs\4w4\wp-blog-header.php(16): wp()
#9 C:\xampp\htdocs\4w4\index.php(17): require('C:\\xampp\\htdocs...')
#10 {main}
  thrown in C:\xampp\htdocs\4w4\wp-content\themes\theme-dmp\functions.php on line 202
[10-Mar-2021 22:31:51 UTC] PHP Fatal error:  Uncaught Error: Call to undefined function set() in C:\xampp\htdocs\4w4\wp-content\themes\theme-dmp\functions.php:202
Stack trace:
#0 C:\xampp\htdocs\4w4\wp-includes\class-wp-hook.php(287): extraire_cours(Object(WP_Query))
#1 C:\xampp\htdocs\4w4\wp-includes\class-wp-hook.php(311): WP_Hook->apply_filters('', Array)
#2 C:\xampp\htdocs\4w4\wp-includes\plugin.php(551): WP_Hook->do_action(Array)
#3 C:\xampp\htdocs\4w4\wp-includes\class-wp-query.php(1779): do_action_ref_array('pre_get_posts', Array)
#4 C:\xampp\htdocs\4w4\wp-includes\class-wp-query.php(3448): WP_Query->get_posts()
#5 C:\xampp\htdocs\4w4\wp-includes\class-wp.php(624): WP_Query->query(Array)
#6 C:\xampp\htdocs\4w4\wp-includes\class-wp.php(747): WP->query_posts()
#7 C:\xampp\htdocs\4w4\wp-includes\functions.php(1291): WP->main('')
#8 C:\xampp\htdocs\4w4\wp-blog-header.php(16): wp()
#9 C:\xampp\htdocs\4w4\index.php(17): require('C:\\xampp\\htdocs...')
#10 {main}
  thrown in C:\xampp\htdocs\4w4\wp-content\themes\theme-dmp\functions.php on line 202
[15-Mar-2021 14:36:29 UTC] PHP Parse error:  syntax error, unexpected '" - "' (T_CONSTANT_ENCAPSED_STRING), expecting ',' or ';' in C:\xampp\htdocs\4w4\wp-content\themes\theme-dmp\front-page.php on line 40
[19-Mar-2021 19:35:56 UTC] PHP Notice:  Undefined variable: titrePartiel in C:\xampp\htdocs\4w4\wp-content\themes\theme-dmp\header.php on line 51
[19-Mar-2021 19:39:44 UTC] PHP Parse error:  syntax error, unexpected 'endif' (T_ENDIF), expecting end of file in C:\xampp\htdocs\4w4\wp-content\themes\theme-dmp\header.php on line 90
[19-Mar-2021 19:41:12 UTC] PHP Notice:  Undefined variable: sigle in C:\xampp\htdocs\4w4\wp-content\themes\theme-dmp\header.php on line 51
[19-Mar-2021 19:41:12 UTC] PHP Notice:  Undefined variable: typeCours in C:\xampp\htdocs\4w4\wp-content\themes\theme-dmp\header.php on line 51
[19-Mar-2021 19:41:12 UTC] PHP Notice:  Undefined variable: nbHeure in C:\xampp\htdocs\4w4\wp-content\themes\theme-dmp\header.php on line 51
[19-Mar-2021 19:41:12 UTC] PHP Notice:  Undefined variable: titrePartiel in C:\xampp\htdocs\4w4\wp-content\themes\theme-dmp\header.php on line 52
[19-Mar-2021 19:41:12 UTC] PHP Notice:  Undefined variable: session in C:\xampp\htdocs\4w4\wp-content\themes\theme-dmp\header.php on line 53
[19-Mar-2021 19:45:42 UTC] PHP Notice:  Undefined variable: titrePartiel in C:\xampp\htdocs\4w4\wp-content\themes\theme-dmp\header.php on line 51
[19-Mar-2021 19:50:04 UTC] PHP Notice:  Undefined variable: titrePartiel in C:\xampp\htdocs\4w4\wp-content\themes\theme-dmp\header.php on line 52
[19-Mar-2021 19:50:47 UTC] PHP Parse error:  syntax error, unexpected end of file, expecting elseif (T_ELSEIF) or else (T_ELSE) or endif (T_ENDIF) in C:\xampp\htdocs\4w4\wp-content\themes\theme-dmp\header.php on line 96
[19-Mar-2021 19:52:28 UTC] PHP Parse error:  syntax error, unexpected 'endif' (T_ENDIF) in C:\xampp\htdocs\4w4\wp-content\themes\theme-dmp\header.php on line 79
[21-Mar-2021 20:20:25 UTC] PHP Notice:  Undefined variable: titrePartiel in C:\xampp\htdocs\4w4\wp-content\themes\theme-dmp\header.php on line 59
[21-Mar-2021 20:20:49 UTC] PHP Notice:  Undefined variable: titrePartiel in C:\xampp\htdocs\4w4\wp-content\themes\theme-dmp\header.php on line 51
[21-Mar-2021 20:21:59 UTC] PHP Parse error:  syntax error, unexpected end of file, expecting elseif (T_ELSEIF) or else (T_ELSE) or endif (T_ENDIF) in C:\xampp\htdocs\4w4\wp-content\themes\theme-dmp\header.php on line 98
[21-Mar-2021 20:22:45 UTC] PHP Parse error:  syntax error, unexpected 'endif' (T_ENDIF) in C:\xampp\htdocs\4w4\wp-content\themes\theme-dmp\header.php on line 69
